<?xml version="1.0" encoding="UTF-8"?>
<robot generator="Robot 3.2.1 (Python 3.7.4 on win32)" generated="20200805 07:28:37.901" rpa="false">
<suite id="s1" name="Emp" source="E:\my_pycharm\Angular\Tests\emp.robot">
<test id="s1-t1" name="cafetownsend">
<kw name="open webpage" library="emp_keywords">
<kw name="Open Browser" library="SeleniumLibrary">
<doc>Opens a new browser instance to the given ``url``.</doc>
<arguments>
<arg>${url}</arg>
<arg>${browser}</arg>
</arguments>
<msg timestamp="20200805 07:28:38.070" level="INFO">Opening browser 'chrome' to base url 'http://cafetownsend-angular-rails.herokuapp.com/login'.</msg>
<status status="PASS" starttime="20200805 07:28:38.070" endtime="20200805 07:28:43.163"></status>
</kw>
<kw name="Set Ignore Implicit Angular Wait" library="AngularJSLibrary">
<doc>Turns off the implicit wait by setting ``ignore`` to ${True}. The
implicit wait can be re-enabled by setting ``ignore`` to ${False}.
Note the value for ``ignore`` must be a Python boolean, meaning
either ${True} or ${False} or equivalent, for this
keyword.</doc>
<arguments>
<arg>${False}</arg>
</arguments>
<status status="PASS" starttime="20200805 07:28:43.163" endtime="20200805 07:28:43.163"></status>
</kw>
<kw name="Maximize Browser Window" library="SeleniumLibrary">
<doc>Maximizes current browser window.</doc>
<status status="PASS" starttime="20200805 07:28:43.163" endtime="20200805 07:28:45.289"></status>
</kw>
<status status="PASS" starttime="20200805 07:28:38.070" endtime="20200805 07:28:45.289"></status>
</kw>
<kw name="login" library="emp_keywords">
<kw name="Input Text" library="SeleniumLibrary">
<doc>Types the given ``text`` into text field identified by ``locator``.</doc>
<arguments>
<arg>${username}</arg>
<arg>Luke</arg>
</arguments>
<msg timestamp="20200805 07:28:45.290" level="INFO">Typing text 'Luke' into text field 'model=user.name'.</msg>
<status status="PASS" starttime="20200805 07:28:45.290" endtime="20200805 07:28:45.354"></status>
</kw>
<kw name="Input Text" library="SeleniumLibrary">
<doc>Types the given ``text`` into text field identified by ``locator``.</doc>
<arguments>
<arg>${password}</arg>
<arg>Skywalker</arg>
</arguments>
<msg timestamp="20200805 07:28:45.355" level="INFO">Typing text 'Skywalker' into text field 'model=user.password'.</msg>
<status status="PASS" starttime="20200805 07:28:45.354" endtime="20200805 07:28:45.435"></status>
</kw>
<kw name="Click Button" library="SeleniumLibrary">
<doc>Clicks button identified by ``locator``.</doc>
<arguments>
<arg>${login}</arg>
</arguments>
<msg timestamp="20200805 07:28:45.436" level="INFO">Clicking button '//*[@id='login-form']/fieldset/button'.</msg>
<status status="PASS" starttime="20200805 07:28:45.435" endtime="20200805 07:28:45.488"></status>
</kw>
<kw name="Sleep" library="BuiltIn">
<doc>Pauses the test executed for the given time.</doc>
<arguments>
<arg>5</arg>
</arguments>
<msg timestamp="20200805 07:28:50.490" level="INFO">Slept 5 seconds</msg>
<status status="PASS" starttime="20200805 07:28:45.489" endtime="20200805 07:28:50.490"></status>
</kw>
<status status="PASS" starttime="20200805 07:28:45.290" endtime="20200805 07:28:50.490"></status>
</kw>
<kw name="validation" library="emp_keywords">
<kw name="Page Should Contain" library="SeleniumLibrary">
<doc>Verifies that current page contains ``text``.</doc>
<arguments>
<arg>Hello Luke</arg>
</arguments>
<msg timestamp="20200805 07:28:50.506" level="INFO">Current page contains text 'Hello Luke'.</msg>
<status status="PASS" starttime="20200805 07:28:50.491" endtime="20200805 07:28:50.506"></status>
</kw>
<status status="PASS" starttime="20200805 07:28:50.491" endtime="20200805 07:28:50.506"></status>
</kw>
<kw name="create emp" library="emp_keywords">
<kw name="Click Link" library="SeleniumLibrary">
<doc>Clicks a link identified by ``locator``.</doc>
<arguments>
<arg>${create}</arg>
</arguments>
<msg timestamp="20200805 07:28:50.507" level="INFO">Clicking link '//*[@id='bAdd']'.</msg>
<status status="PASS" starttime="20200805 07:28:50.507" endtime="20200805 07:28:50.561"></status>
</kw>
<kw name="Sleep" library="BuiltIn">
<doc>Pauses the test executed for the given time.</doc>
<arguments>
<arg>2</arg>
</arguments>
<msg timestamp="20200805 07:28:52.563" level="INFO">Slept 2 seconds</msg>
<status status="PASS" starttime="20200805 07:28:50.562" endtime="20200805 07:28:52.563"></status>
</kw>
<status status="PASS" starttime="20200805 07:28:50.507" endtime="20200805 07:28:52.564"></status>
</kw>
<kw name="new emp entry" library="emp_keywords">
<kw name="Input Text" library="SeleniumLibrary">
<doc>Types the given ``text`` into text field identified by ``locator``.</doc>
<arguments>
<arg>${firstname}</arg>
<arg>my_firstname</arg>
</arguments>
<msg timestamp="20200805 07:28:52.567" level="INFO">Typing text 'my_firstname' into text field 'model=selectedEmployee.firstName'.</msg>
<status status="PASS" starttime="20200805 07:28:52.566" endtime="20200805 07:28:52.651"></status>
</kw>
<kw name="Input Text" library="SeleniumLibrary">
<doc>Types the given ``text`` into text field identified by ``locator``.</doc>
<arguments>
<arg>${lastname}</arg>
<arg>my_lastname</arg>
</arguments>
<msg timestamp="20200805 07:28:52.651" level="INFO">Typing text 'my_lastname' into text field 'model=selectedEmployee.lastName'.</msg>
<status status="PASS" starttime="20200805 07:28:52.651" endtime="20200805 07:28:52.721"></status>
</kw>
<kw name="Input Text" library="SeleniumLibrary">
<doc>Types the given ``text`` into text field identified by ``locator``.</doc>
<arguments>
<arg>${startdate}</arg>
<arg>2020-01-01</arg>
</arguments>
<msg timestamp="20200805 07:28:52.721" level="INFO">Typing text '2020-01-01' into text field 'model=selectedEmployee.startDate'.</msg>
<status status="PASS" starttime="20200805 07:28:52.721" endtime="20200805 07:28:52.792"></status>
</kw>
<kw name="Input Text" library="SeleniumLibrary">
<doc>Types the given ``text`` into text field identified by ``locator``.</doc>
<arguments>
<arg>${email}</arg>
<arg>demo@abc.com</arg>
</arguments>
<msg timestamp="20200805 07:28:52.793" level="INFO">Typing text 'demo@abc.com' into text field 'model=selectedEmployee.email'.</msg>
<status status="PASS" starttime="20200805 07:28:52.792" endtime="20200805 07:28:52.871"></status>
</kw>
<kw name="Click Button" library="SeleniumLibrary">
<doc>Clicks button identified by ``locator``.</doc>
<arguments>
<arg>${add}</arg>
</arguments>
<msg timestamp="20200805 07:28:52.872" level="INFO">Clicking button '//*[@class='formFooter']/child::*[2]'.</msg>
<status status="PASS" starttime="20200805 07:28:52.871" endtime="20200805 07:28:52.937"></status>
</kw>
<kw name="Sleep" library="BuiltIn">
<doc>Pauses the test executed for the given time.</doc>
<arguments>
<arg>4</arg>
</arguments>
<msg timestamp="20200805 07:28:56.938" level="INFO">Slept 4 seconds</msg>
<status status="PASS" starttime="20200805 07:28:52.937" endtime="20200805 07:28:56.938"></status>
</kw>
<status status="PASS" starttime="20200805 07:28:52.565" endtime="20200805 07:28:56.939"></status>
</kw>
<kw name="close webpage" library="emp_keywords">
<kw name="Close Browser" library="SeleniumLibrary">
<doc>Closes the current browser.</doc>
<status status="PASS" starttime="20200805 07:28:56.941" endtime="20200805 07:28:59.038"></status>
</kw>
<status status="PASS" starttime="20200805 07:28:56.940" endtime="20200805 07:28:59.038"></status>
</kw>
<status status="PASS" starttime="20200805 07:28:38.069" endtime="20200805 07:28:59.039" critical="yes"></status>
</test>
<doc>Suite description</doc>
<status status="PASS" starttime="20200805 07:28:37.903" endtime="20200805 07:28:59.040"></status>
</suite>
<statistics>
<total>
<stat pass="1" fail="0">Critical Tests</stat>
<stat pass="1" fail="0">All Tests</stat>
</total>
<tag>
</tag>
<suite>
<stat pass="1" fail="0" id="s1" name="Emp">Emp</stat>
</suite>
</statistics>
<errors>
</errors>
</robot>
